# JRE version: Java(TM) SE Runtime Environment (17.0.12+8) (build 17.0.12+8-LTS-286)
# Java VM: Java HotSpot(TM) 64-Bit Server VM (17.0.12+8-LTS-286, mixed mode, sharing, tiered, compressed oops, compressed class ptrs, g1 gc, windows-amd64)
GC Precious Log:
 CPUs: 16 total, 16 available
 Memory: 16202M
 Large Page Support: Disabled
 NUMA Support: Disabled
 Compressed Oops: Enabled (32-bit)
 Heap Region Size: 1M
 Heap Min Capacity: 8M
 Heap Initial Capacity: 254M
 Heap Max Capacity: 2G
 Pre-touch: Disabled
 Parallel Workers: 13
 Concurrent Workers: 3
 Concurrent Refinement Workers: 13
 Periodic GC: Disabled
Heap:
 garbage-first heap   total 243712K, used 122077K [0x0000000080000000, 0x0000000100000000)
  region size 1024K, 53 young (54272K), 4 survivors (4096K)
 Metaspace       used 60805K, committed 61440K, reserved 1114112K
  class space    used 8399K, committed 8704K, reserved 1048576K
GC Heap History (20 events):
Event: 7.420 GC heap before
{Heap before GC invocations=15 (full 0):
 garbage-first heap   total 92160K, used 66387K [0x0000000080000000, 0x0000000100000000)
  region size 1024K, 24 young (24576K), 4 survivors (4096K)
 Metaspace       used 48655K, committed 49216K, reserved 1114112K
  class space    used 6859K, committed 7168K, reserved 1048576K
}
Event: 7.422 GC heap after
{Heap after GC invocations=16 (full 0):
 garbage-first heap   total 92160K, used 46868K [0x0000000080000000, 0x0000000100000000)
  region size 1024K, 3 young (3072K), 3 survivors (3072K)
 Metaspace       used 48655K, committed 49216K, reserved 1114112K
  class space    used 6859K, committed 7168K, reserved 1048576K
}
Event: 7.429 GC heap before
{Heap before GC invocations=16 (full 0):
 garbage-first heap   total 92160K, used 46868K [0x0000000080000000, 0x0000000100000000)
  region size 1024K, 4 young (4096K), 3 survivors (3072K)
 Metaspace       used 48660K, committed 49216K, reserved 1114112K
  class space    used 6859K, committed 7168K, reserved 1048576K
}
Event: 7.430 GC heap after
{Heap after GC invocations=17 (full 0):
 garbage-first heap   total 110592K, used 46824K [0x0000000080000000, 0x0000000100000000)
  region size 1024K, 1 young (1024K), 1 survivors (1024K)
 Metaspace       used 48660K, committed 49216K, reserved 1114112K
  class space    used 6859K, committed 7168K, reserved 1048576K
}
Event: 7.468 GC heap before
{Heap before GC invocations=17 (full 0):
 garbage-first heap   total 110592K, used 50920K [0x0000000080000000, 0x0000000100000000)
  region size 1024K, 5 young (5120K), 1 survivors (1024K)
 Metaspace       used 48694K, committed 49280K, reserved 1114112K
  class space    used 6864K, committed 7168K, reserved 1048576K
}
Event: 7.469 GC heap after
{Heap after GC invocations=18 (full 0):
 garbage-first heap   total 110592K, used 49760K [0x0000000080000000, 0x0000000100000000)
  region size 1024K, 2 young (2048K), 2 survivors (2048K)
 Metaspace       used 48694K, committed 49280K, reserved 1114112K
  class space    used 6864K, committed 7168K, reserved 1048576K
}
Event: 7.479 GC heap before
{Heap before GC invocations=18 (full 0):
 garbage-first heap   total 110592K, used 51808K [0x0000000080000000, 0x0000000100000000)
  region size 1024K, 3 young (3072K), 2 survivors (2048K)
 Metaspace       used 48722K, committed 49280K, reserved 1114112K
  class space    used 6868K, committed 7168K, reserved 1048576K
}
Event: 7.481 GC heap after
{Heap after GC invocations=19 (full 0):
 garbage-first heap   total 110592K, used 51987K [0x0000000080000000, 0x0000000100000000)
  region size 1024K, 2 young (2048K), 2 survivors (2048K)
 Metaspace       used 48722K, committed 49280K, reserved 1114112K
  class space    used 6868K, committed 7168K, reserved 1048576K
}
Event: 7.823 GC heap before
{Heap before GC invocations=20 (full 0):
 garbage-first heap   total 110592K, used 94995K [0x0000000080000000, 0x0000000100000000)
  region size 1024K, 34 young (34816K), 2 survivors (2048K)
 Metaspace       used 50512K, committed 51136K, reserved 1114112K
  class space    used 7103K, committed 7424K, reserved 1048576K
}
Event: 7.825 GC heap after
{Heap after GC invocations=21 (full 0):
 garbage-first heap   total 110592K, used 68237K [0x0000000080000000, 0x0000000100000000)
  region size 1024K, 5 young (5120K), 5 survivors (5120K)
 Metaspace       used 50512K, committed 51136K, reserved 1114112K
  class space    used 7103K, committed 7424K, reserved 1048576K
}
Event: 7.840 GC heap before
{Heap before GC invocations=21 (full 0):
 garbage-first heap   total 110592K, used 68237K [0x0000000080000000, 0x0000000100000000)
  region size 1024K, 6 young (6144K), 5 survivors (5120K)
 Metaspace       used 50569K, committed 51200K, reserved 1114112K
  class space    used 7106K, committed 7424K, reserved 1048576K
}
Event: 7.842 GC heap after
{Heap after GC invocations=22 (full 0):
 garbage-first heap   total 110592K, used 67776K [0x0000000080000000, 0x0000000100000000)
  region size 1024K, 1 young (1024K), 1 survivors (1024K)
 Metaspace       used 50569K, committed 51200K, reserved 1114112K
  class space    used 7106K, committed 7424K, reserved 1048576K
}
Event: 8.081 GC heap before
{Heap before GC invocations=22 (full 0):
 garbage-first heap   total 110592K, used 88256K [0x0000000080000000, 0x0000000100000000)
  region size 1024K, 22 young (22528K), 1 survivors (1024K)
 Metaspace       used 52521K, committed 53120K, reserved 1114112K
  class space    used 7311K, committed 7616K, reserved 1048576K
}
Event: 8.083 GC heap after
{Heap after GC invocations=23 (full 0):
 garbage-first heap   total 110592K, used 68358K [0x0000000080000000, 0x0000000100000000)
  region size 1024K, 1 young (1024K), 1 survivors (1024K)
 Metaspace       used 52521K, committed 53120K, reserved 1114112K
  class space    used 7311K, committed 7616K, reserved 1048576K
}
Event: 8.302 GC heap before
{Heap before GC invocations=24 (full 0):
 garbage-first heap   total 121856K, used 90886K [0x0000000080000000, 0x0000000100000000)
  region size 1024K, 23 young (23552K), 1 survivors (1024K)
 Metaspace       used 54606K, committed 55232K, reserved 1114112K
  class space    used 7580K, committed 7872K, reserved 1048576K
}
Event: 8.303 GC heap after
{Heap after GC invocations=25 (full 0):
 garbage-first heap   total 121856K, used 68940K [0x0000000080000000, 0x0000000100000000)
  region size 1024K, 2 young (2048K), 2 survivors (2048K)
 Metaspace       used 54606K, committed 55232K, reserved 1114112K
  class space    used 7580K, committed 7872K, reserved 1048576K
}
Event: 8.334 GC heap before
{Heap before GC invocations=25 (full 0):
 garbage-first heap   total 121856K, used 70988K [0x0000000080000000, 0x0000000100000000)
  region size 1024K, 5 young (5120K), 2 survivors (2048K)
 Metaspace       used 54955K, committed 55552K, reserved 1114112K
  class space    used 7643K, committed 7936K, reserved 1048576K
}
Event: 8.336 GC heap after
{Heap after GC invocations=26 (full 0):
 garbage-first heap   total 121856K, used 68037K [0x0000000080000000, 0x0000000100000000)
  region size 1024K, 1 young (1024K), 1 survivors (1024K)
 Metaspace       used 54955K, committed 55552K, reserved 1114112K
  class space    used 7643K, committed 7936K, reserved 1048576K
}
Event: 8.610 GC heap before
{Heap before GC invocations=26 (full 0):
 garbage-first heap   total 121856K, used 102853K [0x0000000080000000, 0x0000000100000000)
  region size 1024K, 30 young (30720K), 1 survivors (1024K)
 Metaspace       used 57370K, committed 57984K, reserved 1114112K
  class space    used 7965K, committed 8256K, reserved 1048576K
}
Event: 8.613 GC heap after
{Heap after GC invocations=27 (full 0):
 garbage-first heap   total 243712K, used 72925K [0x0000000080000000, 0x0000000100000000)
  region size 1024K, 4 young (4096K), 4 survivors (4096K)
 Metaspace       used 57370K, committed 57984K, reserved 1114112K
  class space    used 7965K, committed 8256K, reserved 1048576K
}

