# JRE version: Java(TM) SE Runtime Environment (17.0.12+8) (build 17.0.12+8-LTS-286)
# Java VM: Java HotSpot(TM) 64-Bit Server VM (17.0.12+8-LTS-286, mixed mode, sharing, tiered, compressed oops, compressed class ptrs, g1 gc, windows-amd64)
GC Precious Log:
 CPUs: 16 total, 16 available
 Memory: 16202M
 Large Page Support: Disabled
 NUMA Support: Disabled
 Compressed Oops: Enabled (32-bit)
 Heap Region Size: 1M
 Heap Min Capacity: 8M
 Heap Initial Capacity: 254M
 Heap Max Capacity: 2G
 Pre-touch: Disabled
 Parallel Workers: 13
 Concurrent Workers: 3
 Concurrent Refinement Workers: 13
 Periodic GC: Disabled
Heap:
 garbage-first heap   total 252928K, used 197719K [0x0000000080000000, 0x0000000100000000)
  region size 1024K, 48 young (49152K), 1 survivors (1024K)
 Metaspace       used 119838K, committed 120704K, reserved 1179648K
  class space    used 15672K, committed 16128K, reserved 1048576K
GC Heap History (20 events):
Event: 16.323 GC heap before
{Heap before GC invocations=37 (full 0):
 garbage-first heap   total 184320K, used 148647K [0x0000000080000000, 0x0000000100000000)
  region size 1024K, 32 young (32768K), 6 survivors (6144K)
 Metaspace       used 92025K, committed 92864K, reserved 1179648K
  class space    used 12689K, committed 13120K, reserved 1048576K
}
Event: 16.326 GC heap after
{Heap after GC invocations=38 (full 0):
 garbage-first heap   total 184320K, used 126280K [0x0000000080000000, 0x0000000100000000)
  region size 1024K, 2 young (2048K), 2 survivors (2048K)
 Metaspace       used 92025K, committed 92864K, reserved 1179648K
  class space    used 12689K, committed 13120K, reserved 1048576K
}
Event: 16.355 GC heap before
{Heap before GC invocations=38 (full 0):
 garbage-first heap   total 184320K, used 133448K [0x0000000080000000, 0x0000000100000000)
  region size 1024K, 4 young (4096K), 2 survivors (2048K)
 Metaspace       used 92225K, committed 93120K, reserved 1179648K
  class space    used 12717K, committed 13184K, reserved 1048576K
}
Event: 16.357 GC heap after
{Heap after GC invocations=39 (full 0):
 garbage-first heap   total 184320K, used 131907K [0x0000000080000000, 0x0000000100000000)
  region size 1024K, 2 young (2048K), 2 survivors (2048K)
 Metaspace       used 92225K, committed 93120K, reserved 1179648K
  class space    used 12717K, committed 13184K, reserved 1048576K
}
Event: 16.558 GC heap before
{Heap before GC invocations=40 (full 0):
 garbage-first heap   total 230400K, used 156483K [0x0000000080000000, 0x0000000100000000)
  region size 1024K, 25 young (25600K), 2 survivors (2048K)
 Metaspace       used 93200K, committed 94016K, reserved 1179648K
  class space    used 12828K, committed 13248K, reserved 1048576K
}
Event: 16.561 GC heap after
{Heap after GC invocations=41 (full 0):
 garbage-first heap   total 230400K, used 135781K [0x0000000080000000, 0x0000000100000000)
  region size 1024K, 4 young (4096K), 4 survivors (4096K)
 Metaspace       used 93200K, committed 94016K, reserved 1179648K
  class space    used 12828K, committed 13248K, reserved 1048576K
}
Event: 16.609 GC heap before
{Heap before GC invocations=41 (full 0):
 garbage-first heap   total 230400K, used 141925K [0x0000000080000000, 0x0000000100000000)
  region size 1024K, 11 young (11264K), 4 survivors (4096K)
 Metaspace       used 93842K, committed 94720K, reserved 1179648K
  class space    used 12901K, committed 13376K, reserved 1048576K
}
Event: 16.611 GC heap after
{Heap after GC invocations=42 (full 0):
 garbage-first heap   total 230400K, used 134348K [0x0000000080000000, 0x0000000100000000)
  region size 1024K, 1 young (1024K), 1 survivors (1024K)
 Metaspace       used 93842K, committed 94720K, reserved 1179648K
  class space    used 12901K, committed 13376K, reserved 1048576K
}
Event: 17.298 GC heap before
{Heap before GC invocations=42 (full 0):
 garbage-first heap   total 230400K, used 186572K [0x0000000080000000, 0x0000000100000000)
  region size 1024K, 52 young (53248K), 1 survivors (1024K)
 Metaspace       used 100096K, committed 100928K, reserved 1179648K
  class space    used 13488K, committed 13952K, reserved 1048576K
}
Event: 17.301 GC heap after
{Heap after GC invocations=43 (full 0):
 garbage-first heap   total 230400K, used 136499K [0x0000000080000000, 0x0000000100000000)
  region size 1024K, 3 young (3072K), 3 survivors (3072K)
 Metaspace       used 100096K, committed 100928K, reserved 1179648K
  class space    used 13488K, committed 13952K, reserved 1048576K
}
Event: 18.156 GC heap before
{Heap before GC invocations=43 (full 0):
 garbage-first heap   total 230400K, used 189747K [0x0000000080000000, 0x0000000100000000)
  region size 1024K, 54 young (55296K), 3 survivors (3072K)
 Metaspace       used 105673K, committed 106496K, reserved 1179648K
  class space    used 14188K, committed 14656K, reserved 1048576K
}
Event: 18.159 GC heap after
{Heap after GC invocations=44 (full 0):
 garbage-first heap   total 230400K, used 140623K [0x0000000080000000, 0x0000000100000000)
  region size 1024K, 7 young (7168K), 7 survivors (7168K)
 Metaspace       used 105673K, committed 106496K, reserved 1179648K
  class space    used 14188K, committed 14656K, reserved 1048576K
}
Event: 18.650 GC heap before
{Heap before GC invocations=44 (full 0):
 garbage-first heap   total 230400K, used 190799K [0x0000000080000000, 0x0000000100000000)
  region size 1024K, 56 young (57344K), 7 survivors (7168K)
 Metaspace       used 108061K, committed 108864K, reserved 1179648K
  class space    used 14444K, committed 14912K, reserved 1048576K
}
Event: 18.655 GC heap after
{Heap after GC invocations=45 (full 0):
 garbage-first heap   total 230400K, used 143800K [0x0000000080000000, 0x0000000100000000)
  region size 1024K, 4 young (4096K), 4 survivors (4096K)
 Metaspace       used 108061K, committed 108864K, reserved 1179648K
  class space    used 14444K, committed 14912K, reserved 1048576K
}
Event: 19.024 GC heap before
{Heap before GC invocations=45 (full 0):
 garbage-first heap   total 230400K, used 191928K [0x0000000080000000, 0x0000000100000000)
  region size 1024K, 51 young (52224K), 4 survivors (4096K)
 Metaspace       used 109105K, committed 109888K, reserved 1179648K
  class space    used 14534K, committed 14976K, reserved 1048576K
}
Event: 19.028 GC heap after
{Heap after GC invocations=46 (full 0):
 garbage-first heap   total 230400K, used 147734K [0x0000000080000000, 0x0000000100000000)
  region size 1024K, 7 young (7168K), 7 survivors (7168K)
 Metaspace       used 109105K, committed 109888K, reserved 1179648K
  class space    used 14534K, committed 14976K, reserved 1048576K
}
Event: 20.072 GC heap before
{Heap before GC invocations=47 (full 0):
 garbage-first heap   total 252928K, used 192790K [0x0000000080000000, 0x0000000100000000)
  region size 1024K, 51 young (52224K), 7 survivors (7168K)
 Metaspace       used 113706K, committed 114560K, reserved 1179648K
  class space    used 14952K, committed 15424K, reserved 1048576K
}
Event: 20.076 GC heap after
{Heap after GC invocations=48 (full 0):
 garbage-first heap   total 252928K, used 152210K [0x0000000080000000, 0x0000000100000000)
  region size 1024K, 5 young (5120K), 5 survivors (5120K)
 Metaspace       used 113706K, committed 114560K, reserved 1179648K
  class space    used 14952K, committed 15424K, reserved 1048576K
}
Event: 20.148 GC heap before
{Heap before GC invocations=48 (full 0):
 garbage-first heap   total 252928K, used 158354K [0x0000000080000000, 0x0000000100000000)
  region size 1024K, 12 young (12288K), 5 survivors (5120K)
 Metaspace       used 114516K, committed 115392K, reserved 1179648K
  class space    used 15034K, committed 15488K, reserved 1048576K
}
Event: 20.151 GC heap after
{Heap after GC invocations=49 (full 0):
 garbage-first heap   total 252928K, used 150615K [0x0000000080000000, 0x0000000100000000)
  region size 1024K, 1 young (1024K), 1 survivors (1024K)
 Metaspace       used 114516K, committed 115392K, reserved 1179648K
  class space    used 15034K, committed 15488K, reserved 1048576K
}

